<?xml version="1.0" encoding="UTF-8"?>
<testsuite xmlns:xsi="http://www.w3.org/2001/XMLSchema-instance" xsi:noNamespaceSchemaLocation="https://maven.apache.org/surefire/maven-surefire-plugin/xsd/surefire-test-report-3.0.xsd" version="3.0" name="APITestBanco" time="19.54" tests="5" errors="0" skipped="0" failures="0">
  <properties>
[...]
</properties>
  <testcase name="testCrearYValidarTransacciones" classname="APITestBanco" time="7.603"/>
  <testcase name="testRetiroMayorAlSaldo" classname="APITestBanco" time="2.482"/>
  <testcase name="testActualizarNumeroCuenta" classname="APITestBanco" time="2.859"/>
  <testcase name="testDepositoYRetiro" classname="APITestBanco" time="3.78"/>
  <testcase name="testValidarEmailsUnicos" classname="APITestBanco" time="1.873"/>
</testsuite>